<?xml version="1.0" encoding="UTF-8"?>
<testsuite xmlns:xsi="http://www.w3.org/2001/XMLSchema-instance" xsi:noNamespaceSchemaLocation="https://maven.apache.org/surefire/maven-surefire-plugin/xsd/surefire-test-report-3.0.xsd" version="3.0" name="com.example.mercado_libre_exam.unit.DNAServiceTest" time="2.915" tests="6" errors="0" skipped="0" failures="0">
  <properties>
[...]
</properties>
  <testcase name="testInvalidCharactersInDNA" classname="com.example.mercado_libre_exam.unit.DNAServiceTest" time="0.026">
    <system-out><![CDATA[2024-11-12T01:17:09.475-03:00  INFO 18576 --- [mercado-libre-exam] [           main] t.c.s.AnnotationConfigContextLoaderUtils : Could not detect default configuration classes for test class [com.example.mercado_libre_exam.unit.DNAServiceTest]: DNAServiceTest does not declare any static, non-private, non-final, nested classes annotated with @Configuration.
2024-11-12T01:17:09.612-03:00  INFO 18576 --- [mercado-libre-exam] [           main] .b.t.c.SpringBootTestContextBootstrapper : Found @SpringBootConfiguration com.example.mercado_libre_exam.MercadoLibreExamApplication for test class com.example.mercado_libre_exam.unit.DNAServiceTest

  .   ____          _            __ _ _
 /\\ / ___'_ __ _ _(_)_ __  __ _ \ \ \ \
( ( )\___ | '_ | '_| | '_ \/ _` | \ \ \ \
 \\/  ___)| |_)| | | | | || (_| |  ) ) ) )
  '  |____| .__|_| |_|_| |_\__, | / / / /
 =========|_|==============|___/=/_/_/_/

 :: Spring Boot ::                (v3.3.5)

2024-11-12T01:17:09.870-03:00  INFO 18576 --- [mercado-libre-exam] [           main] c.e.m.unit.DNAServiceTest                : Starting DNAServiceTest using Java 17.0.10 with PID 18576 (started by AyiGroup in C:\Users\AyiGroup\Desktop\Spring Projects\mercado-libre-exam)
2024-11-12T01:17:09.871-03:00  INFO 18576 --- [mercado-libre-exam] [           main] c.e.m.unit.DNAServiceTest                : No active profile set, falling back to 1 default profile: "default"
2024-11-12T01:17:10.912-03:00  INFO 18576 --- [mercado-libre-exam] [           main] .s.d.r.c.RepositoryConfigurationDelegate : Bootstrapping Spring Data JPA repositories in DEFAULT mode.
2024-11-12T01:17:10.977-03:00  INFO 18576 --- [mercado-libre-exam] [           main] .s.d.r.c.RepositoryConfigurationDelegate : Finished Spring Data repository scanning in 62 ms. Found 1 JPA repository interface.
2024-11-12T01:17:11.282-03:00  INFO 18576 --- [mercado-libre-exam] [           main] com.zaxxer.hikari.HikariDataSource       : HikariPool-2 - Starting...
2024-11-12T01:17:11.302-03:00  INFO 18576 --- [mercado-libre-exam] [           main] com.zaxxer.hikari.pool.HikariPool        : HikariPool-2 - Added connection conn10: url=jdbc:h2:mem:b66f6704-8793-46f6-849d-2ce950587997 user=SA
2024-11-12T01:17:11.303-03:00  INFO 18576 --- [mercado-libre-exam] [           main] com.zaxxer.hikari.HikariDataSource       : HikariPool-2 - Start completed.
2024-11-12T01:17:11.305-03:00  INFO 18576 --- [mercado-libre-exam] [           main] o.hibernate.jpa.internal.util.LogHelper  : HHH000204: Processing PersistenceUnitInfo [name: default]
2024-11-12T01:17:11.317-03:00  INFO 18576 --- [mercado-libre-exam] [           main] o.h.c.internal.RegionFactoryInitiator    : HHH000026: Second-level cache disabled
2024-11-12T01:17:11.485-03:00  INFO 18576 --- [mercado-libre-exam] [           main] o.s.o.j.p.SpringPersistenceUnitInfo      : No LoadTimeWeaver setup: ignoring JPA class transformer
2024-11-12T01:17:11.707-03:00  INFO 18576 --- [mercado-libre-exam] [           main] o.h.e.t.j.p.i.JtaPlatformInitiator       : HHH000489: No JTA platform available (set 'hibernate.transaction.jta.platform' to enable JTA platform integration)
2024-11-12T01:17:11.720-03:00  INFO 18576 --- [mercado-libre-exam] [           main] j.LocalContainerEntityManagerFactoryBean : Initialized JPA EntityManagerFactory for persistence unit 'default'
2024-11-12T01:17:11.948-03:00  WARN 18576 --- [mercado-libre-exam] [           main] JpaBaseConfiguration$JpaWebConfiguration : spring.jpa.open-in-view is enabled by default. Therefore, database queries may be performed during view rendering. Explicitly configure spring.jpa.open-in-view to disable this warning
2024-11-12T01:17:12.253-03:00  INFO 18576 --- [mercado-libre-exam] [           main] c.e.m.unit.DNAServiceTest                : Started DNAServiceTest in 2.634 seconds (process running for 39.908)
]]></system-out>
  </testcase>
  <testcase name="testHorizontalSequence" classname="com.example.mercado_libre_exam.unit.DNAServiceTest" time="0.031">
    <system-out><![CDATA[DNA sequence found at direction: (0, 1)
DNA sequence found at direction: (0, -1)
DNA sequence found at direction: (0, 1)
DNA sequence found at direction: (0, -1)
]]></system-out>
  </testcase>
  <testcase name="testVerticalSequence" classname="com.example.mercado_libre_exam.unit.DNAServiceTest" time="0.014">
    <system-out><![CDATA[DNA sequence found at direction: (1, 0)
DNA sequence found at direction: (1, 0)
DNA sequence found at direction: (-1, 0)
DNA sequence found at direction: (-1, 0)
]]></system-out>
  </testcase>
  <testcase name="testDiagonalSequence" classname="com.example.mercado_libre_exam.unit.DNAServiceTest" time="0.017">
    <system-out><![CDATA[DNA sequence found at direction: (1, 1)
DNA sequence found at direction: (1, 1)
DNA sequence found at direction: (-1, -1)
DNA sequence found at direction: (-1, -1)
]]></system-out>
  </testcase>
  <testcase name="testEmptySequence" classname="com.example.mercado_libre_exam.unit.DNAServiceTest" time="0.013"/>
  <testcase name="testIsNonMutant" classname="com.example.mercado_libre_exam.unit.DNAServiceTest" time="0.015"/>
</testsuite>